<?xml version="1.0" encoding="UTF-8"?>
<testng-results skipped="0" failed="1" ignored="0" total="2" passed="1">
  <reporter-output>
  </reporter-output>
  <suite name="Default suite" duration-ms="31465" started-at="2020-08-02T11:49:15 CDT" finished-at="2020-08-02T11:49:46 CDT">
    <groups>
    </groups>
    <test name="Default test" duration-ms="31465" started-at="2020-08-02T11:49:15 CDT" finished-at="2020-08-02T11:49:46 CDT">
      <class name="test.AdduserTest">
        <test-method status="PASS" signature="launch()[pri:0, instance:test.AdduserTest@4d02f94e]" name="launch" is-config="true" duration-ms="5630" started-at="2020-08-02T11:49:15 CDT" finished-at="2020-08-02T11:49:21 CDT">
          <reporter-output>
          </reporter-output>
        </test-method> <!-- launch -->
        <test-method status="PASS" signature="logintest(java.lang.String, java.lang.String)[pri:0, instance:test.AdduserTest@4d02f94e]" name="logintest" duration-ms="22240" started-at="2020-08-02T11:49:21 CDT" data-provider="get data" finished-at="2020-08-02T11:49:43 CDT">
          <params>
            <param index="0">
              <value>
                <![CDATA[opensourcecms]]>
              </value>
            </param>
            <param index="1">
              <value>
                <![CDATA[opensourcecms]]>
              </value>
            </param>
          </params>
          <reporter-output>
          </reporter-output>
        </test-method> <!-- logintest -->
        <test-method status="FAIL" signature="addcontact(java.lang.String, java.lang.String, java.lang.String, java.lang.String, java.lang.String)[pri:0, instance:test.AdduserTest@4d02f94e]" name="addcontact" duration-ms="3542" started-at="2020-08-02T11:49:43 CDT" data-provider="Details" depends-on-methods="test.AdduserTest.logintest" finished-at="2020-08-02T11:49:46 CDT">
          <params>
            <param index="0">
              <value>
                <![CDATA[Smart]]>
              </value>
            </param>
            <param index="1">
              <value>
                <![CDATA[Smart@gmail.com]]>
              </value>
            </param>
            <param index="2">
              <value>
                <![CDATA[Sun]]>
              </value>
            </param>
            <param index="3">
              <value>
                <![CDATA[Light]]>
              </value>
            </param>
            <param index="4">
              <value>
                <![CDATA[Www.Techfios.com]]>
              </value>
            </param>
          </params>
          <exception class="java.lang.NullPointerException">
            <full-stacktrace>
              <![CDATA[java.lang.NullPointerException
at page.Adduser.rolemodel(Adduser.java:55)
at test.AdduserTest.addcontact(AdduserTest.java:60)
at sun.reflect.NativeMethodAccessorImpl.invoke0(Native Method)
at sun.reflect.NativeMethodAccessorImpl.invoke(NativeMethodAccessorImpl.java:62)
at sun.reflect.DelegatingMethodAccessorImpl.invoke(DelegatingMethodAccessorImpl.java:43)
at java.lang.reflect.Method.invoke(Method.java:498)
at org.testng.internal.MethodInvocationHelper.invokeMethod(MethodInvocationHelper.java:135)
at org.testng.internal.TestInvoker.invokeMethod(TestInvoker.java:598)
at org.testng.internal.TestInvoker.invokeTestMethod(TestInvoker.java:174)
at org.testng.internal.MethodRunner.runInSequence(MethodRunner.java:46)
at org.testng.internal.TestInvoker$MethodInvocationAgent.invoke(TestInvoker.java:821)
at org.testng.internal.TestInvoker.invokeTestMethods(TestInvoker.java:147)
at org.testng.internal.TestMethodWorker.invokeTestMethods(TestMethodWorker.java:146)
at org.testng.internal.TestMethodWorker.run(TestMethodWorker.java:128)
at java.util.ArrayList.forEach(ArrayList.java:1257)
at org.testng.TestRunner.privateRun(TestRunner.java:767)
at org.testng.TestRunner.run(TestRunner.java:588)
at org.testng.SuiteRunner.runTest(SuiteRunner.java:384)
at org.testng.SuiteRunner.runSequentially(SuiteRunner.java:378)
at org.testng.SuiteRunner.privateRun(SuiteRunner.java:337)
at org.testng.SuiteRunner.run(SuiteRunner.java:286)
at org.testng.SuiteRunnerWorker.runSuite(SuiteRunnerWorker.java:53)
at org.testng.SuiteRunnerWorker.run(SuiteRunnerWorker.java:96)
at org.testng.TestNG.runSuitesSequentially(TestNG.java:1214)
at org.testng.TestNG.runSuitesLocally(TestNG.java:1136)
at org.testng.TestNG.runSuites(TestNG.java:1066)
at org.testng.TestNG.run(TestNG.java:1034)
at org.testng.remote.AbstractRemoteTestNG.run(AbstractRemoteTestNG.java:115)
at org.testng.remote.RemoteTestNG.initAndRun(RemoteTestNG.java:251)
at org.testng.remote.RemoteTestNG.main(RemoteTestNG.java:77)
]]>
            </full-stacktrace>
          </exception> <!-- java.lang.NullPointerException -->
          <reporter-output>
          </reporter-output>
        </test-method> <!-- addcontact -->
      </class> <!-- test.AdduserTest -->
    </test> <!-- Default test -->
  </suite> <!-- Default suite -->
</testng-results>
